build/app/outputs/mapping/release/mapping.txt
# compiler: R8
# compiler_version: 3.1.66
# min_api: 23
# pg_map_id: 711d9d1
# common_typos_disable
# {"id":"com.android.tools.r8.mapping","version":"1.0"}
...
androidx.browser.trusted.TokenStore -> q.b:
    androidx.browser.trusted.Token load() -> a
androidx.browser.trusted.TrustedWebActivityCallbackRemote -> androidx.browser.trusted.c:
    android.support.customtabs.trusted.ITrustedWebActivityCallback mCallbackBinder -> a
    androidx.browser.trusted.TrustedWebActivityCallbackRemote fromBinder(android.os.IBinder) -> a
androidx.browser.trusted.TrustedWebActivityDisplayMode -> q.c:
androidx.browser.trusted.TrustedWebActivityDisplayMode$DefaultMode -> q.c$a:
androidx.browser.trusted.TrustedWebActivityDisplayMode$ImmersiveMode -> q.c$b:
    boolean mIsSticky -> a
    int mLayoutInDisplayCutoutMode -> b
androidx.browser.trusted.TrustedWebActivityIntent -> q.d:
    java.util.List mSharedFileUris -> b
    android.content.Intent mIntent -> a
androidx.browser.trusted.TrustedWebActivityIntentBuilder -> q.e:
    java.util.List mAdditionalTrustedOrigins -> c
    android.os.Bundle mSplashScreenParams -> d
    int mScreenOrientation -> f
    androidx.browser.customtabs.CustomTabsIntent$Builder mIntentBuilder -> b
    androidx.browser.trusted.TrustedWebActivityDisplayMode mDisplayMode -> e
    android.net.Uri mUri -> a
androidx.browser.trusted.TrustedWebActivityService -> androidx.browser.trusted.TrustedWebActivityService:
    android.app.NotificationManager mNotificationManager -> a
    int mVerifiedUid -> b
    android.support.customtabs.trusted.ITrustedWebActivityService$Stub mBinder -> c
    java.lang.String channelNameToId(java.lang.String) -> a
    void ensureOnCreateCalled() -> b
androidx.browser.trusted.TrustedWebActivityService$1 -> androidx.browser.trusted.TrustedWebActivityService$a:
    androidx.browser.trusted.TrustedWebActivityService this$0 -> a
    void checkCaller() -> a
androidx.browser.trusted.TrustedWebActivityServiceConnection -> androidx.browser.trusted.d:
    void ensureBundleContains(android.os.Bundle,java.lang.String) -> a
androidx.browser.trusted.TrustedWebActivityServiceConnection$ActiveNotificationsArgs -> androidx.browser.trusted.d$a:
    android.os.Parcelable[] notifications -> a
androidx.browser.trusted.TrustedWebActivityServiceConnection$CancelNotificationArgs -> androidx.browser.trusted.d$b:
    java.lang.String platformTag -> a
    int platformId -> b
androidx.browser.trusted.TrustedWebActivityServiceConnection$NotificationsEnabledArgs -> androidx.browser.trusted.d$c:
    java.lang.String channelName -> a
androidx.browser.trusted.TrustedWebActivityServiceConnection$NotifyNotificationArgs -> androidx.browser.trusted.d$d:
    java.lang.String platformTag -> a
    android.app.Notification notification -> c
    int platformId -> b
    java.lang.String channelName -> d
androidx.browser.trusted.TrustedWebActivityServiceConnection$ResultArgs -> androidx.browser.trusted.d$e:
    boolean success -> a
androidx.cardview.R$attr -> r.a:
androidx.cardview.R$color -> r.b:
androidx.cardview.R$dimen -> r.c:
androidx.cardview.R$style -> r.d:
androidx.cardview.R$styleable -> r.e:
androidx.cardview.widget.CardView -> androidx.cardview.widget.CardView:
    androidx.cardview.widget.CardViewDelegate mCardViewDelegate -> g
    int[] COLOR_BACKGROUND_ATTR -> h
    androidx.cardview.widget.CardViewImpl IMPL -> i
    int mUserSetMinHeight -> d
    android.graphics.Rect mContentPadding -> e
    android.graphics.Rect mShadowBounds -> f
    boolean mCompatPadding -> a
    boolean mPreventCornerOverlap -> b
    int mUserSetMinWidth -> c
    void access$001(androidx.cardview.widget.CardView,int,int,int,int) -> a
    void access$101(androidx.cardview.widget.CardView,int) -> b
    void access$201(androidx.cardview.widget.CardView,int) -> c
androidx.cardview.widget.CardView$1 -> androidx.cardview.widget.CardView$a:
    androidx.cardview.widget.CardView this$0 -> b
    android.graphics.drawable.Drawable mCardBackground -> a
androidx.cardview.widget.CardViewApi17Impl -> androidx.cardview.widget.a: