build/app/outputs/mapping/release/usage.txt
com.maantechnology.salesprosaasmain.R$anim
com.maantechnology.salesprosaasmain.R$animator
com.maantechnology.salesprosaasmain.R$attr
com.maantechnology.salesprosaasmain.R$bool
com.maantechnology.salesprosaasmain.R$color
com.maantechnology.salesprosaasmain.R$dimen
com.maantechnology.salesprosaasmain.R$drawable
com.maantechnology.salesprosaasmain.R$id
com.maantechnology.salesprosaasmain.R$integer
com.maantechnology.salesprosaasmain.R$interpolator
com.maantechnology.salesprosaasmain.R$layout
com.maantechnology.salesprosaasmain.R$menu
com.maantechnology.salesprosaasmain.R$mipmap
com.maantechnology.salesprosaasmain.R$plurals
com.maantechnology.salesprosaasmain.R$raw
com.maantechnology.salesprosaasmain.R$string
com.maantechnology.salesprosaasmain.R$style
com.maantechnology.salesprosaasmain.R$styleable
com.maantechnology.salesprosaasmain.R$xml
com.maantechnology.salesprosaasmain.R
...
androidx.core.app.AppOpsManagerCompat$Api29Impl:
    private void <init>()
androidx.core.app.AppOpsManagerCompat:
    public static final int MODE_ALLOWED
    public static final int MODE_DEFAULT
    public static final int MODE_ERRORED
    public static final int MODE_IGNORED
    private void <init>()
    public static int noteOp(android.content.Context,java.lang.String,int,java.lang.String)
    public static int noteOpNoThrow(android.content.Context,java.lang.String,int,java.lang.String)
    public static int noteProxyOp(android.content.Context,java.lang.String,java.lang.String)
androidx.core.app.BundleCompat$Api18Impl:
    private void <init>()
androidx.core.app.BundleCompat$BeforeApi18Impl:
    private static final java.lang.String TAG
    private void <init>()
androidx.core.app.BundleCompat:
    private void <init>()
androidx.core.app.DialogCompat$Api28Impl
androidx.core.app.DialogCompat
androidx.core.app.FrameMetricsAggregator$FrameMetricsApi24Impl$1
androidx.core.app.FrameMetricsAggregator$FrameMetricsApi24Impl
androidx.core.app.FrameMetricsAggregator$FrameMetricsBaseImpl
androidx.core.app.FrameMetricsAggregator$MetricType
androidx.core.app.FrameMetricsAggregator
androidx.core.app.JobIntentService$JobServiceEngineImpl:
    static final boolean DEBUG
    static final java.lang.String TAG
androidx.core.app.JobIntentService:
    static final boolean DEBUG
    static final java.lang.String TAG
    public boolean isStopped()
    public void setInterruptIfStopped(boolean)
androidx.core.app.LocaleManagerCompat$Api21Impl
androidx.core.app.LocaleManagerCompat$Api24Impl
androidx.core.app.LocaleManagerCompat$Api33Impl
androidx.core.app.LocaleManagerCompat
androidx.core.app.MultiWindowModeChangedInfo:
    public android.content.res.Configuration getNewConfig()
    public boolean isInMultiWindowMode()
androidx.core.app.NavUtils$Api16Impl:
    private void <init>()
androidx.core.app.NavUtils:
    public static final java.lang.String PARENT_ACTIVITY
    private static final java.lang.String TAG
    private void <init>()
    public static android.content.Intent getParentActivityIntent(android.content.Context,java.lang.Class)
    public static void navigateUpFromSameTask(android.app.Activity)
androidx.core.app.NotificationChannelCompat$Api26Impl
androidx.core.app.NotificationChannelCompat$Api29Impl
androidx.core.app.NotificationChannelCompat$Api30Impl
androidx.core.app.NotificationChannelCompat$Builder
androidx.core.app.NotificationChannelCompat
androidx.core.app.NotificationChannelGroupCompat$Api26Impl
androidx.core.app.NotificationChannelGroupCompat$Api28Impl
androidx.core.app.NotificationChannelGroupCompat$Builder
androidx.core.app.NotificationChannelGroupCompat
androidx.core.app.NotificationCompat$1
androidx.core.app.NotificationCompat$Action$Builder$Api20Impl
androidx.core.app.NotificationCompat$Action$Builder$Api23Impl
androidx.core.app.NotificationCompat$Action$Builder$Api24Impl
androidx.core.app.NotificationCompat$Action$Builder$Api28Impl
androidx.core.app.NotificationCompat$Action$Builder$Api29Impl
androidx.core.app.NotificationCompat$Action$Builder$Api31Impl
androidx.core.app.NotificationCompat$Action$Builder
androidx.core.app.NotificationCompat$Action$Extender
androidx.core.app.NotificationCompat$Action$SemanticAction
androidx.core.app.NotificationCompat$Action$WearableExtender